<?xml version="1.0" encoding="UTF-8"?>
<testsuite xmlns:xsi="http://www.w3.org/2001/XMLSchema-instance" xsi:noNamespaceSchemaLocation="https://maven.apache.org/surefire/maven-surefire-plugin/xsd/surefire-test-report.xsd" name="com.yuewen.YuewenEsApiApplicationTest" time="6.182" tests="10" errors="1" skipped="0" failures="0">
  <properties>
[...]
</properties>
  <testcase name="testGetDocument" classname="com.yuewen.YuewenEsApiApplicationTest" time="0.577"/>
  <testcase name="testDeleteIndex" classname="com.yuewen.YuewenEsApiApplicationTest" time="0.861"/>
  <testcase name="testCreateIndex" classname="com.yuewen.YuewenEsApiApplicationTest" time="0.274">
    <error message="Elasticsearch exception [type=resource_already_exists_exception, reason=index [jd_goods/atOEVZkySHGLQyeQDuvHMA] already exists]" type="org.elasticsearch.ElasticsearchStatusException">org.elasticsearch.ElasticsearchStatusException: Elasticsearch exception [type=resource_already_exists_exception, reason=index [jd_goods/atOEVZkySHGLQyeQDuvHMA] already exists]
	at com.yuewen.YuewenEsApiApplicationTest.testCreateIndex(YuewenEsApiApplicationTest.java:63)
</error>
    <system-out><![CDATA[17:38:47.712 [main] DEBUG org.apache.http.impl.nio.client.MainClientExec - [exchange: 3] start execution
17:38:47.713 [main] DEBUG org.apache.http.client.protocol.RequestAddCookies - CookieSpec selected: default
17:38:47.714 [main] DEBUG org.apache.http.client.protocol.RequestAuthCache - Re-using cached 'basic' auth scheme for http://127.0.0.1:9200
17:38:47.714 [main] DEBUG org.apache.http.client.protocol.RequestAuthCache - No credentials for preemptive authentication
17:38:47.714 [main] DEBUG org.apache.http.impl.nio.client.InternalHttpAsyncClient - [exchange: 3] Request connection for {}->http://127.0.0.1:9200
17:38:47.714 [main] DEBUG org.apache.http.impl.nio.conn.PoolingNHttpClientConnectionManager - Connection request: [route: {}->http://127.0.0.1:9200][total kept alive: 0; route allocated: 0 of 10; total allocated: 0 of 30]
17:38:47.716 [I/O dispatcher 9] DEBUG org.apache.http.impl.nio.conn.PoolingNHttpClientConnectionManager - Connection leased: [id: http-outgoing-2][route: {}->http://127.0.0.1:9200][total kept alive: 0; route allocated: 1 of 10; total allocated: 0 of 30]
17:38:47.716 [I/O dispatcher 9] DEBUG org.apache.http.impl.nio.client.InternalHttpAsyncClient - [exchange: 3] Connection allocated: CPoolProxy{http-outgoing-2 [ACTIVE]}
17:38:47.716 [I/O dispatcher 9] DEBUG org.apache.http.impl.nio.conn.ManagedNHttpClientConnectionImpl - http-outgoing-2 127.0.0.1:58192<->127.0.0.1:9200[ACTIVE][r:]: Set attribute http.nio.exchange-handler
17:38:47.716 [I/O dispatcher 9] DEBUG org.apache.http.impl.nio.conn.ManagedNHttpClientConnectionImpl - http-outgoing-2 127.0.0.1:58192<->127.0.0.1:9200[ACTIVE][rw:]: Event set [w]
17:38:47.716 [I/O dispatcher 9] DEBUG org.apache.http.impl.nio.conn.ManagedNHttpClientConnectionImpl - http-outgoing-2 127.0.0.1:58192<->127.0.0.1:9200[ACTIVE][rw:]: Set timeout 0
17:38:47.716 [I/O dispatcher 9] DEBUG org.apache.http.impl.nio.client.InternalIODispatch - http-outgoing-2 [ACTIVE]: Connected
17:38:47.716 [I/O dispatcher 9] DEBUG org.apache.http.impl.nio.conn.ManagedNHttpClientConnectionImpl - http-outgoing-2 127.0.0.1:58192<->127.0.0.1:9200[ACTIVE][rw:]: Set attribute http.nio.http-exchange-state
17:38:47.716 [I/O dispatcher 9] DEBUG org.apache.http.impl.nio.client.InternalHttpAsyncClient - [exchange: 3] Start connection routing
17:38:47.716 [I/O dispatcher 9] DEBUG org.apache.http.impl.nio.client.InternalHttpAsyncClient - [exchange: 3] route completed
17:38:47.716 [I/O dispatcher 9] DEBUG org.apache.http.impl.nio.client.MainClientExec - [exchange: 3] Connection route established
17:38:47.716 [I/O dispatcher 9] DEBUG org.apache.http.impl.nio.client.MainClientExec - [exchange: 3] Attempt 1 to execute request
17:38:47.716 [I/O dispatcher 9] DEBUG org.apache.http.impl.nio.client.MainClientExec - [exchange: 3] Target auth state: UNCHALLENGED
17:38:47.716 [I/O dispatcher 9] DEBUG org.apache.http.impl.nio.client.MainClientExec - [exchange: 3] Proxy auth state: UNCHALLENGED
17:38:47.716 [I/O dispatcher 9] DEBUG org.apache.http.impl.nio.conn.ManagedNHttpClientConnectionImpl - http-outgoing-2 127.0.0.1:58192<->127.0.0.1:9200[ACTIVE][rw:]: Set timeout 30000
17:38:47.716 [I/O dispatcher 9] DEBUG org.apache.http.headers - http-outgoing-2 >> PUT /jd_goods?master_timeout=30s&include_type_name=false&timeout=30s HTTP/1.1
17:38:47.716 [I/O dispatcher 9] DEBUG org.apache.http.headers - http-outgoing-2 >> Content-Length: 28
17:38:47.716 [I/O dispatcher 9] DEBUG org.apache.http.headers - http-outgoing-2 >> Content-Type: application/json
17:38:47.716 [I/O dispatcher 9] DEBUG org.apache.http.headers - http-outgoing-2 >> Host: 127.0.0.1:9200
17:38:47.717 [I/O dispatcher 9] DEBUG org.apache.http.headers - http-outgoing-2 >> Connection: Keep-Alive
17:38:47.717 [I/O dispatcher 9] DEBUG org.apache.http.headers - http-outgoing-2 >> User-Agent: Apache-HttpAsyncClient/4.1.4 (Java/1.8.0_212)
17:38:47.718 [I/O dispatcher 9] DEBUG org.apache.http.impl.nio.conn.ManagedNHttpClientConnectionImpl - http-outgoing-2 127.0.0.1:58192<->127.0.0.1:9200[ACTIVE][rw:]: Event set [w]
17:38:47.718 [I/O dispatcher 9] DEBUG org.apache.http.impl.nio.client.InternalIODispatch - http-outgoing-2 [ACTIVE] Output ready
17:38:47.718 [I/O dispatcher 9] DEBUG org.apache.http.impl.nio.client.MainClientExec - [exchange: 3] produce content
17:38:47.719 [I/O dispatcher 9] DEBUG org.apache.http.impl.nio.client.MainClientExec - [exchange: 3] Request completed
17:38:47.719 [I/O dispatcher 9] DEBUG org.apache.http.impl.nio.client.InternalIODispatch - http-outgoing-2 [ACTIVE] [content length: 28; pos: 28; completed: true]
17:38:47.719 [I/O dispatcher 9] DEBUG org.apache.http.impl.nio.conn.ManagedNHttpClientConnectionImpl - http-outgoing-2 127.0.0.1:58192<->127.0.0.1:9200[ACTIVE][rw:w]: 266 bytes written
17:38:47.719 [I/O dispatcher 9] DEBUG org.apache.http.wire - http-outgoing-2 >> "PUT /jd_goods?master_timeout=30s&include_type_name=false&timeout=30s HTTP/1.1[\r][\n]"
17:38:47.719 [I/O dispatcher 9] DEBUG org.apache.http.wire - http-outgoing-2 >> "Content-Length: 28[\r][\n]"
17:38:47.719 [I/O dispatcher 9] DEBUG org.apache.http.wire - http-outgoing-2 >> "Content-Type: application/json[\r][\n]"
17:38:47.720 [I/O dispatcher 9] DEBUG org.apache.http.wire - http-outgoing-2 >> "Host: 127.0.0.1:9200[\r][\n]"
17:38:47.720 [I/O dispatcher 9] DEBUG org.apache.http.wire - http-outgoing-2 >> "Connection: Keep-Alive[\r][\n]"
17:38:47.720 [I/O dispatcher 9] DEBUG org.apache.http.wire - http-outgoing-2 >> "User-Agent: Apache-HttpAsyncClient/4.1.4 (Java/1.8.0_212)[\r][\n]"
17:38:47.720 [I/O dispatcher 9] DEBUG org.apache.http.wire - http-outgoing-2 >> "[\r][\n]"
17:38:47.720 [I/O dispatcher 9] DEBUG org.apache.http.wire - http-outgoing-2 >> "{"settings":{},"aliases":{}}"
17:38:47.720 [I/O dispatcher 9] DEBUG org.apache.http.impl.nio.client.InternalIODispatch - http-outgoing-2 [ACTIVE] Request ready
17:38:47.720 [I/O dispatcher 9] DEBUG org.apache.http.impl.nio.conn.ManagedNHttpClientConnectionImpl - http-outgoing-2 127.0.0.1:58192<->127.0.0.1:9200[ACTIVE][r:w]: Event cleared [w]
17:38:47.746 [I/O dispatcher 9] DEBUG org.apache.http.impl.nio.conn.ManagedNHttpClientConnectionImpl - http-outgoing-2 127.0.0.1:58192<->127.0.0.1:9200[ACTIVE][r:r]: 469 bytes read
17:38:47.746 [I/O dispatcher 9] DEBUG org.apache.http.wire - http-outgoing-2 << "HTTP/1.1 400 Bad Request[\r][\n]"
17:38:47.746 [I/O dispatcher 9] DEBUG org.apache.http.wire - http-outgoing-2 << "content-type: application/json; charset=UTF-8[\r][\n]"
17:38:47.746 [I/O dispatcher 9] DEBUG org.apache.http.wire - http-outgoing-2 << "content-length: 373[\r][\n]"
17:38:47.746 [I/O dispatcher 9] DEBUG org.apache.http.wire - http-outgoing-2 << "[\r][\n]"
17:38:47.746 [I/O dispatcher 9] DEBUG org.apache.http.wire - http-outgoing-2 << "{"error":{"root_cause":[{"type":"resource_already_exists_exception","reason":"index [jd_goods/atOEVZkySHGLQyeQDuvHMA] already exists","index_uuid":"atOEVZkySHGLQyeQDuvHMA","index":"jd_goods"}],"type":"resource_already_exists_exception","reason":"index [jd_goods/atOEVZkySHGLQyeQDuvHMA] already exists","index_uuid":"atOEVZkySHGLQyeQDuvHMA","index":"jd_goods"},"status":400}"
17:38:47.746 [I/O dispatcher 9] DEBUG org.apache.http.headers - http-outgoing-2 << HTTP/1.1 400 Bad Request
17:38:47.746 [I/O dispatcher 9] DEBUG org.apache.http.headers - http-outgoing-2 << content-type: application/json; charset=UTF-8
17:38:47.746 [I/O dispatcher 9] DEBUG org.apache.http.headers - http-outgoing-2 << content-length: 373
17:38:47.746 [I/O dispatcher 9] DEBUG org.apache.http.impl.nio.client.InternalIODispatch - http-outgoing-2 [ACTIVE(373)] Response received
17:38:47.746 [I/O dispatcher 9] DEBUG org.apache.http.impl.nio.client.MainClientExec - [exchange: 3] Response received HTTP/1.1 400 Bad Request
17:38:47.746 [I/O dispatcher 9] DEBUG org.apache.http.impl.nio.client.InternalIODispatch - http-outgoing-2 [ACTIVE(373)] Input ready
17:38:47.746 [I/O dispatcher 9] DEBUG org.apache.http.impl.nio.client.MainClientExec - [exchange: 3] Consume content
17:38:47.746 [I/O dispatcher 9] DEBUG org.apache.http.impl.nio.client.InternalHttpAsyncClient - [exchange: 3] Connection can be kept alive indefinitely
17:38:47.746 [I/O dispatcher 9] DEBUG org.apache.http.impl.nio.client.MainClientExec - [exchange: 3] Response processed
17:38:47.746 [I/O dispatcher 9] DEBUG org.apache.http.impl.nio.client.InternalHttpAsyncClient - [exchange: 3] releasing connection
17:38:47.750 [I/O dispatcher 9] DEBUG org.apache.http.impl.nio.conn.ManagedNHttpClientConnectionImpl - http-outgoing-2 127.0.0.1:58192<->127.0.0.1:9200[ACTIVE][r:r]: Remove attribute http.nio.exchange-handler
17:38:47.750 [I/O dispatcher 9] DEBUG org.apache.http.impl.nio.conn.PoolingNHttpClientConnectionManager - Releasing connection: [id: http-outgoing-2][route: {}->http://127.0.0.1:9200][total kept alive: 0; route allocated: 1 of 10; total allocated: 1 of 30]
17:38:47.750 [I/O dispatcher 9] DEBUG org.apache.http.impl.nio.conn.PoolingNHttpClientConnectionManager - Connection [id: http-outgoing-2][route: {}->http://127.0.0.1:9200] can be kept alive indefinitely
17:38:47.750 [I/O dispatcher 9] DEBUG org.apache.http.impl.nio.conn.ManagedNHttpClientConnectionImpl - http-outgoing-2 127.0.0.1:58192<->127.0.0.1:9200[ACTIVE][r:r]: Set timeout 0
17:38:47.750 [I/O dispatcher 9] DEBUG org.apache.http.impl.nio.conn.PoolingNHttpClientConnectionManager - Connection released: [id: http-outgoing-2][route: {}->http://127.0.0.1:9200][total kept alive: 1; route allocated: 1 of 10; total allocated: 1 of 30]
17:38:47.750 [I/O dispatcher 9] DEBUG org.elasticsearch.client.RestClient - request [PUT http://127.0.0.1:9200/jd_goods?master_timeout=30s&include_type_name=false&timeout=30s] returned [HTTP/1.1 400 Bad Request]
17:38:47.753 [I/O dispatcher 9] DEBUG org.apache.http.impl.nio.client.InternalIODispatch - http-outgoing-2 [ACTIVE] [content length: 373; pos: 373; completed: true]
]]></system-out>
  </testcase>
  <testcase name="testBulkAddDocument" classname="com.yuewen.YuewenEsApiApplicationTest" time="1.852"/>
  <testcase name="testAddDocument" classname="com.yuewen.YuewenEsApiApplicationTest" time="0.055"/>
  <testcase name="testIsExists" classname="com.yuewen.YuewenEsApiApplicationTest" time="0.417"/>
  <testcase name="testUpdateDocument" classname="com.yuewen.YuewenEsApiApplicationTest" time="0.124"/>
  <testcase name="testExistsIndex" classname="com.yuewen.YuewenEsApiApplicationTest" time="0.034"/>
  <testcase name="testSearch" classname="com.yuewen.YuewenEsApiApplicationTest" time="0.321"/>
  <testcase name="testDeleteDocument" classname="com.yuewen.YuewenEsApiApplicationTest" time="0.202"/>
</testsuite>